[2025-04-23 15:20:38,802] INFO - Scheduler loop started
[2025-04-23 15:20:38,802] INFO - Scheduler daemon started.
[2025-04-23 15:26:10,459] INFO - Scheduler loop started
[2025-04-23 15:26:10,459] INFO - Scheduler daemon started.
[2025-04-23 15:43:25,423] INFO - Scheduler loop started
[2025-04-23 15:43:25,424] INFO - Started filesystem watcher on tasks directory
[2025-04-23 15:43:25,424] INFO - Scheduler and watcher daemons started.
[2025-04-23 15:43:40,770] INFO - Task saved: test
[2025-04-23 15:47:04,106] INFO - Scheduler loop started
[2025-04-23 15:47:04,107] INFO - Started filesystem watcher on tasks directory
[2025-04-23 15:47:04,117] INFO - Scheduler and watcher daemons started.
[2025-04-23 15:50:27,573] INFO - Scheduler loop started
[2025-04-23 15:50:27,575] INFO - Started filesystem watcher on tasks directory
[2025-04-23 15:50:27,575] INFO - Scheduler and watcher daemons started.
[2025-04-23 15:51:02,874] INFO - Scheduler loop started
[2025-04-23 15:51:02,875] INFO - Started filesystem watcher on tasks directory
[2025-04-23 15:51:02,875] INFO - Scheduler and watcher daemons started.
[2025-04-23 15:51:14,161] INFO - Task saved: test
[2025-04-23 15:53:09,757] INFO - Scheduler loop started
[2025-04-23 15:53:09,758] INFO - Started filesystem watcher on tasks directory
[2025-04-23 15:53:09,758] INFO - Scheduler and watcher daemons started.
[2025-04-23 15:53:09,778] INFO - Notification sent for reminder: test
[2025-04-23 15:53:09,779] INFO - Task deleted: test
[2025-04-23 15:53:33,951] INFO - Task saved: TEST
[2025-04-23 15:59:46,011] INFO - Scheduler loop started
[2025-04-23 15:59:46,012] INFO - Started filesystem watcher on tasks directory
[2025-04-23 15:59:46,012] INFO - Scheduler and watcher daemons started.
[2025-04-23 16:06:32,221] INFO - Started config file watcher daemon.
[2025-04-23 16:06:32,221] INFO - Scheduler loop started
[2025-04-23 16:06:32,222] INFO - Started filesystem watcher on tasks directory
[2025-04-23 16:06:32,222] INFO - Scheduler and watcher daemons started.
[2025-04-23 16:06:47,090] INFO - Config file updated and reloaded by config watcher.
[2025-04-23 16:06:47,091] INFO - Config file updated and reloaded by config watcher.
[2025-04-23 16:10:10,916] INFO - Started config file watcher daemon.
[2025-04-23 16:10:10,916] INFO - Scheduler loop started
[2025-04-23 16:10:10,917] INFO - Started filesystem watcher on tasks directory
[2025-04-23 16:10:10,917] INFO - Scheduler and watcher daemons started.
[2025-04-23 16:10:14,305] INFO - Notify setting toggled to: True
[2025-04-23 16:10:14,307] INFO - Config file updated and reloaded by config watcher.
[2025-04-23 16:10:14,308] INFO - Config file updated and reloaded by config watcher.
[2025-04-23 16:10:51,103] INFO - Task deleted: TEST
[2025-04-23 16:29:01,850] INFO - Started config file watcher daemon.
[2025-04-23 16:29:01,850] INFO - Scheduler loop started
[2025-04-23 16:29:01,851] INFO - Started filesystem watcher on tasks directory
[2025-04-23 16:29:01,851] INFO - Scheduler and watcher daemons started.
[2025-04-23 16:30:24,492] INFO - Started config file watcher daemon.
[2025-04-23 16:30:24,492] INFO - Scheduler loop started
[2025-04-23 16:30:24,493] INFO - Started filesystem watcher on tasks directory
[2025-04-23 16:30:24,494] INFO - Scheduler and watcher daemons started.
[2025-04-23 16:32:38,620] INFO - Started config file watcher daemon.
[2025-04-23 16:32:38,622] INFO - Scheduler loop started
[2025-04-23 16:32:38,623] INFO - Started filesystem watcher on tasks directory
[2025-04-23 16:32:38,623] INFO - Scheduler and watcher daemons started.
